<?xml version="1.0" encoding="utf-8"?><testsuites name="pytest tests"><testsuite name="pytest" errors="0" failures="0" skipped="0" tests="15" time="3.928" timestamp="2026-04-22T04:00:56.203570+00:00" hostname="agent-env-8fc6afce-692d-4ef1-a8e2-79edb9733a21"><testcase classname="backend.tests.test_backend" name="test_health" time="0.266" /><testcase classname="backend.tests.test_backend" name="test_me_unauth" time="0.158" /><testcase classname="backend.tests.test_backend" name="test_me_bearer" time="0.127" /><testcase classname="backend.tests.test_backend" name="test_session_missing" time="0.167" /><testcase classname="backend.tests.test_backend" name="test_logout_ok" time="0.113" /><testcase classname="backend.tests.test_backend" name="test_list_projects" time="0.254" /><testcase classname="backend.tests.test_backend" name="test_get_project_tree" time="0.125" /><testcase classname="backend.tests.test_backend" name="test_patch_keys" time="0.232" /><testcase classname="backend.tests.test_backend" name="test_patch_task_and_checklist" time="0.530" /><testcase classname="backend.tests.test_backend" name="test_apk_upload_list" time="0.401" /><testcase classname="backend.tests.test_backend" name="test_singular_test_console" time="0.418" /><testcase classname="backend.tests.test_backend" name="test_singular_attribution" time="0.289" /><testcase classname="backend.tests.test_backend" name="test_list_test_runs" time="0.152" /><testcase classname="backend.tests.test_backend" name="test_auth_isolation" time="0.126" /><testcase classname="backend.tests.test_backend" name="test_delete_project_cascade" time="0.498" /></testsuite></testsuites>