<?xml version="1.0" encoding="utf-8"?><testsuites name="pytest tests"><testsuite name="pytest" errors="0" failures="0" skipped="0" tests="25" time="11.423" timestamp="2026-04-22T06:25:07.002884+00:00" hostname="agent-env-8fc6afce-692d-4ef1-a8e2-79edb9733a21"><testcase classname="backend.tests.test_backend" name="test_health" time="0.210" /><testcase classname="backend.tests.test_backend" name="test_me_unauth" time="0.107" /><testcase classname="backend.tests.test_backend" name="test_me_bearer" time="0.108" /><testcase classname="backend.tests.test_backend" name="test_session_missing" time="0.114" /><testcase classname="backend.tests.test_backend" name="test_logout_ok" time="0.105" /><testcase classname="backend.tests.test_backend" name="test_list_projects" time="0.215" /><testcase classname="backend.tests.test_backend" name="test_get_project_tree" time="0.131" /><testcase classname="backend.tests.test_backend" name="test_patch_keys" time="0.352" /><testcase classname="backend.tests.test_backend" name="test_patch_task_and_checklist" time="0.414" /><testcase classname="backend.tests.test_backend" name="test_apk_upload_list_non_zip" time="0.368" /><testcase classname="backend.tests.test_backend" name="test_apk_upload_audit_detects_singular" time="0.653" /><testcase classname="backend.tests.test_backend" name="test_health_fallback_zero_apks" time="0.363" /><testcase classname="backend.tests.test_backend" name="test_health_with_green_apk_50pct_progress" time="2.189" /><testcase classname="backend.tests.test_backend" name="test_projects_list_exposes_apk_fields" time="0.805" /><testcase classname="backend.tests.test_backend" name="test_singular_test_console" time="0.425" /><testcase classname="backend.tests.test_backend" name="test_singular_attribution" time="0.319" /><testcase classname="backend.tests.test_backend" name="test_list_test_runs" time="0.105" /><testcase classname="backend.tests.test_backend" name="test_auth_isolation" time="0.106" /><testcase classname="backend.tests.test_backend" name="test_delete_project_cascade" time="0.307" /><testcase classname="backend.tests.test_backend" name="test_delete_project_unknown_returns_404" time="0.117" /><testcase classname="backend.tests.test_backend" name="test_reaudit_single_apk" time="0.815" /><testcase classname="backend.tests.test_backend" name="test_reaudit_single_unknown_returns_404" time="0.326" /><testcase classname="backend.tests.test_backend" name="test_reaudit_missing_bulk" time="1.074" /><testcase classname="backend.tests.test_backend" name="test_reaudit_missing_all_present_returns_zero" time="0.738" /><testcase classname="backend.tests.test_backend" name="test_reaudit_auth_isolation" time="0.786" /></testsuite></testsuites>